app/build/intermediates/manifest_merge_blame_file/debug/manifest-merger-blame-debug-report.txt
1<?xml version="1.0" encoding="utf-8"?>
2<manifest xmlns:android="http://schemas.android.com/apk/res/android"
3    package="com.smser.smssender"
4    android:versionCode="2"
5    android:versionName="1.0" >
6
7    <uses-sdk
8        android:minSdkVersion="15"
8-->src\main\AndroidManifest.xml
9        android:targetSdkVersion="28" />
9-->src\main\AndroidManifest.xml
10
11    <uses-permission android:name="android.permission.READ_PHONE_STATE" />
11-->src\main\AndroidManifest.xml:5:5-75
11-->src\main\AndroidManifest.xml:5:22-72
12    <uses-permission android:name="android.permission.READ_CALL_LOG" />
12-->src\main\AndroidManifest.xml:6:5-72
12-->src\main\AndroidManifest.xml:6:22-69
13    <uses-permission android:name="android.permission.ANSWER_PHONE_CALLS" />
13-->src\main\AndroidManifest.xml:7:5-77
13-->src\main\AndroidManifest.xml:7:22-74
14    <uses-permission android:name="android.permission.CALL_PHONE" />
14-->src\main\AndroidManifest.xml:8:5-69
14-->src\main\AndroidManifest.xml:8:22-66
15    <uses-permission android:name="android.permission.PROCESS_INCOMING_CALLS" />
15-->src\main\AndroidManifest.xml:9:5-81
15-->src\main\AndroidManifest.xml:9:22-78
16    <uses-permission android:name="android.permission.SEND_SMS" />
16-->src\main\AndroidManifest.xml:10:5-67
16-->src\main\AndroidManifest.xml:10:22-64
17    <uses-permission android:name="android.permission.READ_CONTACTS" />
17-->src\main\AndroidManifest.xml:11:5-72
17-->src\main\AndroidManifest.xml:11:22-69
18    <uses-permission android:name="android.permission.INTERNET" />
18-->src\main\AndroidManifest.xml:12:5-67
18-->src\main\AndroidManifest.xml:12:22-64
19    <uses-permission android:name="android.permission.ACCESS_NETWORK_STATE" />
19-->src\main\AndroidManifest.xml:13:5-79
19-->src\main\AndroidManifest.xml:13:22-76
20    <uses-permission android:name="android.permission.WAKE_LOCK" />
20-->src\main\AndroidManifest.xml:14:5-68
20-->src\main\AndroidManifest.xml:14:22-65
21    <uses-permission android:name="android.permission.RECEIVE_BOOT_COMPLETED" />
21-->src\main\AndroidManifest.xml:15:5-81
21-->src\main\AndroidManifest.xml:15:22-78
22    <uses-permission android:name="android.permission.FOREGROUND_SERVICE" />
22-->src\main\AndroidManifest.xml:16:5-77
22-->src\main\AndroidManifest.xml:16:22-74
23
24    <application
24-->src\main\AndroidManifest.xml:18:5-76:19
25        android:name="com.smser.smssender.definer.MainApp"
25-->src\main\AndroidManifest.xml:19:9-40
26        android:allowBackup="true"
26-->src\main\AndroidManifest.xml:20:9-35
27        android:appComponentFactory="androidx.core.app.CoreComponentFactory"
27-->[androidx.core:core:1.0.1] AndroidManifest.xml:22:18-86
28        android:debuggable="true"
29        android:icon="@mipmap/ic_launcher"
29-->src\main\AndroidManifest.xml:21:9-43
30        android:label="@string/app_name"
30-->src\main\AndroidManifest.xml:22:9-41
31        android:networkSecurityConfig="@xml/network_security_config"
31-->src\main\AndroidManifest.xml:23:9-69
32        android:supportsRtl="true"
32-->src\main\AndroidManifest.xml:24:9-35
33        android:testOnly="true"
34        android:theme="@style/AppTheme" >
34-->src\main\AndroidManifest.xml:25:9-40
35        <receiver
35-->src\main\AndroidManifest.xml:26:9-33:20
36            android:name="com.smser.smssender.receivers.BootReceiver"
36-->src\main\AndroidManifest.xml:27:13-51
37            android:enabled="true"
37-->src\main\AndroidManifest.xml:28:13-35
38            android:exported="true" >
38-->src\main\AndroidManifest.xml:29:13-36
39            <intent-filter>
39-->src\main\AndroidManifest.xml:30:13-32:29
40                <action android:name="android.intent.action.BOOT_COMPLETED" />
40-->src\main\AndroidManifest.xml:31:17-79
40-->src\main\AndroidManifest.xml:31:25-76
41            </intent-filter>
42        </receiver>
43
44        <service
44-->src\main\AndroidManifest.xml:35:9-38:39
45            android:name="com.smser.smssender.service.CallerService"
45-->src\main\AndroidManifest.xml:36:13-50
46            android:enabled="true"
46-->src\main\AndroidManifest.xml:37:13-35
47            android:exported="true" />
47-->src\main\AndroidManifest.xml:38:13-36
48
49        <activity
49-->src\main\AndroidManifest.xml:40:9-42:50
50            android:name="com.smser.smssender.dialogactivity.DeciderActivity"
50-->src\main\AndroidManifest.xml:41:13-59
51            android:theme="@style/dialogTheme" />
51-->src\main\AndroidManifest.xml:42:13-47
52
53        <receiver
53-->src\main\AndroidManifest.xml:44:9-47:39
54            android:name="com.smser.smssender.receivers.CallReceiver"
54-->src\main\AndroidManifest.xml:45:13-51
55            android:enabled="true"
55-->src\main\AndroidManifest.xml:46:13-35
56            android:exported="true" />
56-->src\main\AndroidManifest.xml:47:13-36
57
58        <activity
58-->src\main\AndroidManifest.xml:49:9-59:20
59            android:name="com.smser.smssender.SplashActivity"
59-->src\main\AndroidManifest.xml:50:13-43
60            android:configChanges="orientation|keyboardHidden|screenSize"
60-->src\main\AndroidManifest.xml:51:13-74
61            android:label="@string/app_name"
61-->src\main\AndroidManifest.xml:52:13-45
62            android:theme="@style/FullscreenTheme" >
62-->src\main\AndroidManifest.xml:53:13-51
63            <intent-filter>
63-->src\main\AndroidManifest.xml:54:13-58:29
64                <action android:name="android.intent.action.MAIN" />
64-->src\main\AndroidManifest.xml:55:17-69
64-->src\main\AndroidManifest.xml:55:25-66
65
66                <category android:name="android.intent.category.LAUNCHER" />
66-->src\main\AndroidManifest.xml:57:17-77
66-->src\main\AndroidManifest.xml:57:27-74
67            </intent-filter>
68        </activity>
69        <activity
69-->src\main\AndroidManifest.xml:61:9-64:59
70            android:name="com.smser.smssender.DashBoardActivity"
70-->src\main\AndroidManifest.xml:62:13-46
71            android:configChanges="orientation|keyboardHidden|screenSize"
71-->src\main\AndroidManifest.xml:63:13-74
72            android:theme="@style/AppTheme.NoActionBar" />
72-->src\main\AndroidManifest.xml:64:13-56
73
74        <provider
74-->src\main\AndroidManifest.xml:66:9-74:20
75            android:name="androidx.core.content.FileProvider"
75-->src\main\AndroidManifest.xml:67:13-62
76            android:authorities="com.smser.smssender.provider"
76-->src\main\AndroidManifest.xml:68:13-63
77            android:exported="false"
77-->src\main\AndroidManifest.xml:69:13-37
78            android:grantUriPermissions="true" >
78-->src\main\AndroidManifest.xml:70:13-47
79            <meta-data
79-->src\main\AndroidManifest.xml:71:13-73:58
80                android:name="android.support.FILE_PROVIDER_PATHS"
80-->src\main\AndroidManifest.xml:72:17-67
81                android:resource="@xml/provider_paths" />
81-->src\main\AndroidManifest.xml:73:17-55
82        </provider>
83    </application>
84
85</manifest>